<?xml version="1.0" encoding="UTF-8"?>
<testsuite xmlns:xsi="http://www.w3.org/2001/XMLSchema-instance" xsi:noNamespaceSchemaLocation="https://maven.apache.org/surefire/maven-surefire-plugin/xsd/surefire-test-report.xsd" name="com.ontariotechu.sofe3980U.BinaryTest" time="0.001" tests="15" errors="0" skipped="0" failures="0">
  <properties>
    <property name="java.specification.version" value="23"/>
    <property name="sun.cpu.isalist" value="amd64"/>
    <property name="sun.jnu.encoding" value="Cp1252"/>
    <property name="java.class.path" value="C:\Users\conno\Software Quality Labs\Lab1\BinaryCalculator\target\test-classes;C:\Users\conno\Software Quality Labs\Lab1\BinaryCalculator\target\classes;C:\Users\conno\.m2\repository\junit\junit\4.13.2\junit-4.13.2.jar;C:\Users\conno\.m2\repository\org\hamcrest\hamcrest-core\1.3\hamcrest-core-1.3.jar;C:\Users\conno\.m2\repository\joda-time\joda-time\2.9.2\joda-time-2.9.2.jar;"/>
    <property name="java.vm.vendor" value="Oracle Corporation"/>
    <property name="sun.arch.data.model" value="64"/>
    <property name="user.variant" value=""/>
    <property name="java.vendor.url" value="https://java.oracle.com/"/>
    <property name="user.timezone" value="America/Toronto"/>
    <property name="os.name" value="Windows 11"/>
    <property name="java.vm.specification.version" value="23"/>
    <property name="sun.java.launcher" value="SUN_STANDARD"/>
    <property name="user.country" value="CA"/>
    <property name="sun.boot.library.path" value="C:\Program Files\Java\jdk-23\bin"/>
    <property name="sun.java.command" value="C:\Users\conno\AppData\Local\Temp\surefire12812512163366480139\surefirebooter7640008568038131684.jar C:\Users\conno\AppData\Local\Temp\surefire12812512163366480139 2025-01-28T11-34-43_903-jvmRun1 surefire12578832284054327624tmp surefire_011522330662695699312tmp"/>
    <property name="jdk.debug" value="release"/>
    <property name="surefire.test.class.path" value="C:\Users\conno\Software Quality Labs\Lab1\BinaryCalculator\target\test-classes;C:\Users\conno\Software Quality Labs\Lab1\BinaryCalculator\target\classes;C:\Users\conno\.m2\repository\junit\junit\4.13.2\junit-4.13.2.jar;C:\Users\conno\.m2\repository\org\hamcrest\hamcrest-core\1.3\hamcrest-core-1.3.jar;C:\Users\conno\.m2\repository\joda-time\joda-time\2.9.2\joda-time-2.9.2.jar;"/>
    <property name="sun.cpu.endian" value="little"/>
    <property name="user.home" value="C:\Users\conno"/>
    <property name="user.language" value="en"/>
    <property name="java.specification.vendor" value="Oracle Corporation"/>
    <property name="java.version.date" value="2025-01-21"/>
    <property name="java.home" value="C:\Program Files\Java\jdk-23"/>
    <property name="file.separator" value="\"/>
    <property name="basedir" value="C:\Users\conno\Software Quality Labs\Lab1\BinaryCalculator"/>
    <property name="java.vm.compressedOopsMode" value="Zero based"/>
    <property name="line.separator" value="&#10;"/>
    <property name="java.vm.specification.vendor" value="Oracle Corporation"/>
    <property name="java.specification.name" value="Java Platform API Specification"/>
    <property name="surefire.real.class.path" value="C:\Users\conno\AppData\Local\Temp\surefire12812512163366480139\surefirebooter7640008568038131684.jar"/>
    <property name="user.script" value=""/>
    <property name="sun.management.compiler" value="HotSpot 64-Bit Tiered Compilers"/>
    <property name="java.runtime.version" value="23.0.2+7-58"/>
    <property name="user.name" value="conno"/>
    <property name="stdout.encoding" value="Cp1252"/>
    <property name="path.separator" value=";"/>
    <property name="os.version" value="10.0"/>
    <property name="java.runtime.name" value="Java(TM) SE Runtime Environment"/>
    <property name="file.encoding" value="UTF-8"/>
    <property name="java.vm.name" value="Java HotSpot(TM) 64-Bit Server VM"/>
    <property name="localRepository" value="C:\Users\conno\.m2\repository"/>
    <property name="java.vendor.url.bug" value="https://bugreport.java.com/bugreport/"/>
    <property name="java.io.tmpdir" value="C:\Users\conno\AppData\Local\Temp\"/>
    <property name="java.version" value="23.0.2"/>
    <property name="user.dir" value="C:\Users\conno\Software Quality Labs\Lab1\BinaryCalculator"/>
    <property name="os.arch" value="amd64"/>
    <property name="java.vm.specification.name" value="Java Virtual Machine Specification"/>
    <property name="sun.os.patch.level" value=""/>
    <property name="native.encoding" value="Cp1252"/>
    <property name="java.library.path" value="C:\Program Files\Java\jdk-23\bin;C:\WINDOWS\Sun\Java\bin;C:\WINDOWS\system32;C:\WINDOWS;C:\WINDOWS\system32;C:\WINDOWS;C:\WINDOWS\System32\Wbem;C:\WINDOWS\System32\WindowsPowerShell\v1.0\;C:\WINDOWS\System32\OpenSSH\;C:\Program Files\nodejs\;c:\Xilinx\bin\nt;C:\Program Files\SASHome\SASFoundation\9.4\ets\sasexe;C:\Program Files\SASHome\Secure\ccme4;C:\Program Files\Git\cmd;C:\Users\conno\AppData\Local\Microsoft\WindowsApps;C:\Users\conno\AppData\Local\Programs\Microsoft VS Code\bin;C:\Users\conno\AppData\Local\GitHubDesktop\bin;C:\Users\conno\AppData\Roaming\npm;C:\Users\conno\AppData\Local\Microsoft\WinGet\Packages\Schniz.fnm_Microsoft.Winget.Source_8wekyb3d8bbwe;C:\Program Files\apache-maven-3.9.9\bin;C:\Program Files\Java\jdk-23\bin;;."/>
    <property name="java.vm.info" value="mixed mode, sharing"/>
    <property name="stderr.encoding" value="Cp1252"/>
    <property name="java.vendor" value="Oracle Corporation"/>
    <property name="java.vm.version" value="23.0.2+7-58"/>
    <property name="sun.io.unicode.encoding" value="UnicodeLittle"/>
    <property name="java.class.version" value="67.0"/>
  </properties>
  <testcase name="constructorWithInvalidDigits" classname="com.ontariotechu.sofe3980U.BinaryTest" time="0"/>
  <testcase name="orTest" classname="com.ontariotechu.sofe3980U.BinaryTest" time="0"/>
  <testcase name="multiplyTestWithZero" classname="com.ontariotechu.sofe3980U.BinaryTest" time="0"/>
  <testcase name="add" classname="com.ontariotechu.sofe3980U.BinaryTest" time="0"/>
  <testcase name="add2" classname="com.ontariotechu.sofe3980U.BinaryTest" time="0"/>
  <testcase name="add3" classname="com.ontariotechu.sofe3980U.BinaryTest" time="0"/>
  <testcase name="add4" classname="com.ontariotechu.sofe3980U.BinaryTest" time="0"/>
  <testcase name="add5" classname="com.ontariotechu.sofe3980U.BinaryTest" time="0"/>
  <testcase name="multiplyTest" classname="com.ontariotechu.sofe3980U.BinaryTest" time="0"/>
  <testcase name="constructorWithInvalidChars" classname="com.ontariotechu.sofe3980U.BinaryTest" time="0"/>
  <testcase name="constructorEmptyString" classname="com.ontariotechu.sofe3980U.BinaryTest" time="0"/>
  <testcase name="andTestWithZero" classname="com.ontariotechu.sofe3980U.BinaryTest" time="0"/>
  <testcase name="normalConstructor" classname="com.ontariotechu.sofe3980U.BinaryTest" time="0"/>
  <testcase name="constructorWithZeroTailing" classname="com.ontariotechu.sofe3980U.BinaryTest" time="0"/>
  <testcase name="orTestWithDifferentLengths" classname="com.ontariotechu.sofe3980U.BinaryTest" time="0"/>
</testsuite>